2022-08-09 20:35:09,366:INFO:PyCaret NLP Module
2022-08-09 20:35:09,366:INFO:version 2.2.2
2022-08-09 20:35:09,366:INFO:Initializing setup()
2022-08-09 20:35:09,366:INFO:USI: 0b19
2022-08-09 20:35:09,366:INFO:setup(data=(15890, 4), target=tweet, custom_stopwords=['rt', 'https', 'http', 'co', 'amp'], html=True, session_id=493, log_experiment=False,
                    experiment_name=None, log_plots=False, log_data=False, verbose=True)
2022-08-09 20:35:09,366:INFO:Checking environment
2022-08-09 20:35:09,366:INFO:python_version: 3.9.9
2022-08-09 20:35:09,366:INFO:python_build: ('tags/v3.9.9:ccb0e6a', 'Nov 15 2021 18:08:50')
2022-08-09 20:35:09,366:INFO:machine: AMD64
2022-08-09 20:35:09,366:INFO:platform: Windows-10-10.0.22000-SP0
2022-08-09 20:35:09,367:INFO:Memory: svmem(total=34165383168, available=17962844160, percent=47.4, used=16202539008, free=17962844160)
2022-08-09 20:35:09,368:INFO:Physical Core: 6
2022-08-09 20:35:09,368:INFO:Logical Core: 12
2022-08-09 20:35:09,368:INFO:Checking libraries
2022-08-09 20:35:09,368:INFO:pd==1.4.3
2022-08-09 20:35:09,368:INFO:numpy==1.22.4
2022-08-09 20:35:09,879:INFO:gensim==4.2.0
2022-08-09 20:35:10,404:INFO:spacy==3.4.1
2022-08-09 20:35:10,726:INFO:nltk==3.7
2022-08-09 20:35:10,744:INFO:textblob==0.17.1
2022-08-09 20:35:10,804:INFO:pyLDAvis==3.3.1
2022-08-09 20:35:10,930:INFO:wordcloud==1.8.2.2
2022-08-09 20:35:11,221:INFO:mlflow==1.27.0
2022-08-09 20:35:11,221:INFO:Checking Exceptions
2022-08-09 20:35:11,674:INFO:Preloading libraries
2022-08-09 20:35:11,705:INFO:Preparing display monitor
2022-08-09 20:35:11,714:INFO:Importing libraries
2022-08-09 20:35:11,715:INFO:Declaring global variables
2022-08-09 20:35:11,715:INFO:Input provided : dataframe
2022-08-09 20:35:11,715:INFO:session_id set to : 493
2022-08-09 20:35:11,715:INFO:Copying training dataset
2022-08-09 20:35:11,716:INFO:Importing stopwords from nltk
2022-08-09 20:35:11,849:INFO:Removing numeric characters from the text
2022-08-09 20:35:11,912:INFO:Removing special characters from the text
2022-08-09 20:35:12,289:INFO:Tokenizing Words
2022-08-09 20:35:12,932:INFO:Removing stopwords
2022-08-09 20:35:13,499:INFO:Extracting Bigrams
2022-08-09 20:35:14,071:INFO:Extracting Trigrams
2022-08-09 20:35:14,967:INFO:Lemmatizing tokens
2022-08-09 20:35:48,984:INFO:Removing stopwords after lemmatizing
2022-08-09 20:35:49,296:INFO:Creating corpus and dictionary
2022-08-09 20:35:49,619:INFO:Compiling processed text
2022-08-09 20:35:49,625:INFO:Compiling information grid
2022-08-09 20:35:50,032:INFO:setup() succesfully completed......................................
2022-08-09 20:36:22,149:INFO:Initializing create_model()
2022-08-09 20:36:22,149:INFO:create_model(model=lda, multi_core=True, num_topics=6, verbose=True, system=True)
2022-08-09 20:36:22,149:INFO:Checking exceptions
2022-08-09 20:36:22,149:INFO:Preloading libraries
2022-08-09 20:36:22,149:INFO:Preparing display monitor
2022-08-09 20:36:22,161:INFO:Defining topic model
2022-08-09 20:36:22,161:INFO:Model: Latent Dirichlet Allocation
2022-08-09 20:36:22,161:INFO:Defining num_topics parameter
2022-08-09 20:36:22,161:INFO:num_topics set to: 6
2022-08-09 20:36:22,165:INFO:LDA multi_core enabled
2022-08-09 20:36:22,165:INFO:LdaMulticore imported successfully
2022-08-09 20:36:36,553:INFO:LdaMulticore trained successfully
2022-08-09 20:36:36,554:INFO:LdaMulticore<num_terms=13863, num_topics=6, decay=0.5, chunksize=100>
2022-08-09 20:36:36,554:INFO:create_model() succesfully completed......................................
2022-08-09 20:36:42,702:INFO:Initializing assign_model()
2022-08-09 20:36:42,702:INFO:assign_model(model=LdaMulticore<num_terms=13863, num_topics=6, decay=0.5, chunksize=100>, verbose=True)
2022-08-09 20:36:42,702:INFO:Determining model type
2022-08-09 20:36:42,702:INFO:model type: lda
2022-08-09 20:36:42,702:INFO:Checking exceptions
2022-08-09 20:36:42,702:INFO:Preloading libraries
2022-08-09 20:36:42,703:INFO:Preparing display monitor
2022-08-09 20:36:49,899:INFO:(15890, 12)
2022-08-09 20:36:49,899:INFO:assign_model() succesfully completed......................................
2022-08-09 21:11:47,634:INFO:Initializing assign_model()
2022-08-09 21:11:47,634:INFO:assign_model(model=LdaMulticore<num_terms=13863, num_topics=6, decay=0.5, chunksize=100>, verbose=True)
2022-08-09 21:11:47,634:INFO:Determining model type
2022-08-09 21:11:47,634:INFO:model type: lda
2022-08-09 21:11:47,634:INFO:Checking exceptions
2022-08-09 21:11:47,634:INFO:Preloading libraries
2022-08-09 21:11:47,634:INFO:Preparing display monitor
2022-08-09 21:11:54,612:INFO:(15890, 12)
2022-08-09 21:11:54,613:INFO:assign_model() succesfully completed......................................
2022-08-09 21:12:59,294:INFO:PyCaret NLP Module
2022-08-09 21:12:59,294:INFO:version 2.2.2
2022-08-09 21:12:59,294:INFO:Initializing setup()
2022-08-09 21:12:59,294:INFO:USI: f0c1
2022-08-09 21:12:59,294:INFO:setup(data=(1000, 4), target=tweet, custom_stopwords=['rt', 'https', 'http', 'co', 'amp'], html=True, session_id=493, log_experiment=False,
                    experiment_name=None, log_plots=False, log_data=False, verbose=True)
2022-08-09 21:12:59,294:INFO:Checking environment
2022-08-09 21:12:59,294:INFO:python_version: 3.9.9
2022-08-09 21:12:59,294:INFO:python_build: ('tags/v3.9.9:ccb0e6a', 'Nov 15 2021 18:08:50')
2022-08-09 21:12:59,294:INFO:machine: AMD64
2022-08-09 21:12:59,295:INFO:platform: Windows-10-10.0.22000-SP0
2022-08-09 21:12:59,295:INFO:Memory: svmem(total=34165383168, available=16639205376, percent=51.3, used=17526177792, free=16639205376)
2022-08-09 21:12:59,295:INFO:Physical Core: 6
2022-08-09 21:12:59,295:INFO:Logical Core: 12
2022-08-09 21:12:59,295:INFO:Checking libraries
2022-08-09 21:12:59,295:INFO:pd==1.4.3
2022-08-09 21:12:59,295:INFO:numpy==1.22.4
2022-08-09 21:12:59,820:INFO:gensim==4.2.0
2022-08-09 21:13:00,331:INFO:spacy==3.4.1
2022-08-09 21:13:00,754:INFO:nltk==3.7
2022-08-09 21:13:00,778:INFO:textblob==0.17.1
2022-08-09 21:13:00,819:INFO:pyLDAvis==3.3.1
2022-08-09 21:13:00,872:INFO:wordcloud==1.8.2.2
2022-08-09 21:13:01,114:INFO:mlflow==1.27.0
2022-08-09 21:13:01,115:INFO:Checking Exceptions
2022-08-09 21:13:01,575:INFO:Preloading libraries
2022-08-09 21:13:01,610:INFO:Preparing display monitor
2022-08-09 21:13:01,619:INFO:Importing libraries
2022-08-09 21:13:01,619:INFO:Declaring global variables
2022-08-09 21:13:01,619:INFO:Input provided : dataframe
2022-08-09 21:13:01,619:INFO:session_id set to : 493
2022-08-09 21:13:01,619:INFO:Copying training dataset
2022-08-09 21:13:01,620:INFO:Importing stopwords from nltk
2022-08-09 21:13:01,788:INFO:Removing numeric characters from the text
2022-08-09 21:13:01,800:INFO:Removing special characters from the text
2022-08-09 21:13:01,834:INFO:Tokenizing Words
2022-08-09 21:13:01,882:INFO:Removing stopwords
2022-08-09 21:13:01,922:INFO:Extracting Bigrams
2022-08-09 21:13:01,962:INFO:Extracting Trigrams
2022-08-09 21:13:02,025:INFO:Lemmatizing tokens
2022-08-09 21:13:05,137:INFO:Removing stopwords after lemmatizing
2022-08-09 21:13:05,165:INFO:Creating corpus and dictionary
2022-08-09 21:13:05,191:INFO:Compiling processed text
2022-08-09 21:13:05,192:INFO:Compiling information grid
2022-08-09 21:13:05,575:INFO:setup() succesfully completed......................................
2022-08-09 21:13:05,590:INFO:Initializing create_model()
2022-08-09 21:13:05,590:INFO:create_model(model=lda, multi_core=True, num_topics=6, verbose=True, system=True)
2022-08-09 21:13:05,590:INFO:Checking exceptions
2022-08-09 21:13:05,590:INFO:Preloading libraries
2022-08-09 21:13:05,590:INFO:Preparing display monitor
2022-08-09 21:13:05,601:INFO:Defining topic model
2022-08-09 21:13:05,602:INFO:Model: Latent Dirichlet Allocation
2022-08-09 21:13:05,602:INFO:Defining num_topics parameter
2022-08-09 21:13:05,602:INFO:num_topics set to: 6
2022-08-09 21:13:05,606:INFO:LDA multi_core enabled
2022-08-09 21:13:05,606:INFO:LdaMulticore imported successfully
2022-08-09 21:13:10,103:INFO:LdaMulticore trained successfully
2022-08-09 21:13:10,105:INFO:LdaMulticore<num_terms=2928, num_topics=6, decay=0.5, chunksize=100>
2022-08-09 21:13:10,105:INFO:create_model() succesfully completed......................................
2022-08-09 21:13:10,121:INFO:Initializing assign_model()
2022-08-09 21:13:10,121:INFO:assign_model(model=LdaMulticore<num_terms=2928, num_topics=6, decay=0.5, chunksize=100>, verbose=True)
2022-08-09 21:13:10,122:INFO:Determining model type
2022-08-09 21:13:10,122:INFO:model type: lda
2022-08-09 21:13:10,122:INFO:Checking exceptions
2022-08-09 21:13:10,122:INFO:Preloading libraries
2022-08-09 21:13:10,122:INFO:Preparing display monitor
2022-08-09 21:13:10,540:INFO:(1000, 12)
2022-08-09 21:13:10,541:INFO:assign_model() succesfully completed......................................
2022-08-09 21:13:49,696:INFO:Initializing plot_model()
2022-08-09 21:13:49,696:INFO:plot_model(model=LdaMulticore<num_terms=2928, num_topics=6, decay=0.5, chunksize=100>, plot=topic_distribution, topic_num=None, save=False, system=True)
2022-08-09 21:13:49,696:INFO:Topic selected. topic_num : Topic 0
2022-08-09 21:13:49,696:INFO:Checking exceptions
2022-08-09 21:13:49,696:INFO:Importing libraries
2022-08-09 21:13:49,927:INFO:save_param set to False
2022-08-09 21:13:49,927:INFO:plot type: topic_distribution
2022-08-09 21:13:49,929:INFO:SubProcess assign_model() called ==================================
2022-08-09 21:13:49,934:INFO:Initializing assign_model()
2022-08-09 21:13:49,934:INFO:assign_model(model=LdaMulticore<num_terms=2928, num_topics=6, decay=0.5, chunksize=100>, verbose=False)
2022-08-09 21:13:49,934:INFO:Determining model type
2022-08-09 21:13:49,934:INFO:model type: lda
2022-08-09 21:13:49,934:INFO:Checking exceptions
2022-08-09 21:13:49,934:INFO:Preloading libraries
2022-08-09 21:13:49,934:INFO:Preparing display monitor
2022-08-09 21:13:50,339:INFO:(1000, 12)
2022-08-09 21:13:50,339:INFO:assign_model() succesfully completed......................................
2022-08-09 21:13:50,339:INFO:SubProcess assign_model() end ==================================
2022-08-09 21:13:50,343:INFO:Sorting Dataframe
2022-08-09 21:13:50,344:INFO:Rendering Visual
2022-08-09 21:13:50,790:INFO:Visual Rendered Successfully
2022-08-09 21:13:50,791:INFO:plot_model() succesfully completed......................................
2022-08-09 21:13:50,796:INFO:Initializing plot_model()
2022-08-09 21:13:50,796:INFO:plot_model(model=LdaMulticore<num_terms=2928, num_topics=6, decay=0.5, chunksize=100>, plot=topic_model, topic_num=None, save=False, system=True)
2022-08-09 21:13:50,796:INFO:Topic selected. topic_num : Topic 0
2022-08-09 21:13:50,796:INFO:Checking exceptions
2022-08-09 21:13:50,796:INFO:Importing libraries
2022-08-09 21:13:50,803:INFO:save_param set to False
2022-08-09 21:13:50,803:INFO:plot type: topic_model
2022-08-09 21:15:02,973:INFO:Initializing plot_model()
2022-08-09 21:15:02,973:INFO:plot_model(model=LdaMulticore<num_terms=2928, num_topics=6, decay=0.5, chunksize=100>, plot=topic_distribution, topic_num=None, save=False, system=True)
2022-08-09 21:15:02,973:INFO:Topic selected. topic_num : Topic 0
2022-08-09 21:15:02,973:INFO:Checking exceptions
2022-08-09 21:15:02,973:INFO:Importing libraries
2022-08-09 21:15:02,979:INFO:save_param set to False
2022-08-09 21:15:02,979:INFO:plot type: topic_distribution
2022-08-09 21:15:02,981:INFO:SubProcess assign_model() called ==================================
2022-08-09 21:15:02,985:INFO:Initializing assign_model()
2022-08-09 21:15:02,985:INFO:assign_model(model=LdaMulticore<num_terms=2928, num_topics=6, decay=0.5, chunksize=100>, verbose=False)
2022-08-09 21:15:02,985:INFO:Determining model type
2022-08-09 21:15:02,985:INFO:model type: lda
2022-08-09 21:15:02,985:INFO:Checking exceptions
2022-08-09 21:15:02,985:INFO:Preloading libraries
2022-08-09 21:15:02,985:INFO:Preparing display monitor
2022-08-09 21:15:03,367:INFO:(1000, 12)
2022-08-09 21:15:03,367:INFO:assign_model() succesfully completed......................................
2022-08-09 21:15:03,368:INFO:SubProcess assign_model() end ==================================
2022-08-09 21:15:03,371:INFO:Sorting Dataframe
2022-08-09 21:15:03,372:INFO:Rendering Visual
2022-08-09 21:15:03,418:INFO:Visual Rendered Successfully
2022-08-09 21:15:03,418:INFO:plot_model() succesfully completed......................................
2022-08-09 21:15:03,420:INFO:Initializing plot_model()
2022-08-09 21:15:03,420:INFO:plot_model(model=LdaMulticore<num_terms=2928, num_topics=6, decay=0.5, chunksize=100>, plot=topic_model, topic_num=None, save=False, system=True)
2022-08-09 21:15:03,420:INFO:Topic selected. topic_num : Topic 0
2022-08-09 21:15:03,420:INFO:Checking exceptions
2022-08-09 21:15:03,420:INFO:Importing libraries
2022-08-09 21:15:03,428:INFO:save_param set to False
2022-08-09 21:15:03,428:INFO:plot type: topic_model
2022-08-09 21:18:04,315:INFO:Initializing plot_model()
2022-08-09 21:18:04,315:INFO:plot_model(model=LdaMulticore<num_terms=2928, num_topics=6, decay=0.5, chunksize=100>, plot=topic_distribution, topic_num=None, save=False, system=True)
2022-08-09 21:18:04,315:INFO:Topic selected. topic_num : Topic 0
2022-08-09 21:18:04,315:INFO:Checking exceptions
2022-08-09 21:18:04,315:INFO:Importing libraries
2022-08-09 21:18:04,320:INFO:save_param set to False
2022-08-09 21:18:04,321:INFO:plot type: topic_distribution
2022-08-09 21:18:04,322:INFO:SubProcess assign_model() called ==================================
2022-08-09 21:18:04,326:INFO:Initializing assign_model()
2022-08-09 21:18:04,326:INFO:assign_model(model=LdaMulticore<num_terms=2928, num_topics=6, decay=0.5, chunksize=100>, verbose=False)
2022-08-09 21:18:04,327:INFO:Determining model type
2022-08-09 21:18:04,327:INFO:model type: lda
2022-08-09 21:18:04,327:INFO:Checking exceptions
2022-08-09 21:18:04,327:INFO:Preloading libraries
2022-08-09 21:18:04,327:INFO:Preparing display monitor
2022-08-09 21:18:04,715:INFO:(1000, 12)
2022-08-09 21:18:04,715:INFO:assign_model() succesfully completed......................................
2022-08-09 21:18:04,715:INFO:SubProcess assign_model() end ==================================
2022-08-09 21:18:04,719:INFO:Sorting Dataframe
2022-08-09 21:18:04,719:INFO:Rendering Visual
2022-08-09 21:18:04,767:INFO:Visual Rendered Successfully
2022-08-09 21:18:04,767:INFO:plot_model() succesfully completed......................................
2022-08-09 21:18:04,769:INFO:Initializing plot_model()
2022-08-09 21:18:04,769:INFO:plot_model(model=LdaMulticore<num_terms=2928, num_topics=6, decay=0.5, chunksize=100>, plot=topic_model, topic_num=None, save=False, system=True)
2022-08-09 21:18:04,769:INFO:Topic selected. topic_num : Topic 0
2022-08-09 21:18:04,769:INFO:Checking exceptions
2022-08-09 21:18:04,769:INFO:Importing libraries
2022-08-09 21:18:04,778:INFO:save_param set to False
2022-08-09 21:18:04,778:INFO:plot type: topic_model
2022-08-09 21:18:28,498:INFO:Initializing plot_model()
2022-08-09 21:18:28,499:INFO:plot_model(model=LdaMulticore<num_terms=2928, num_topics=6, decay=0.5, chunksize=100>, plot=topic_distribution, topic_num=None, save=False, system=True)
2022-08-09 21:18:28,499:INFO:Topic selected. topic_num : Topic 0
2022-08-09 21:18:28,499:INFO:Checking exceptions
2022-08-09 21:18:28,499:INFO:Importing libraries
2022-08-09 21:18:28,505:INFO:save_param set to False
2022-08-09 21:18:28,505:INFO:plot type: topic_distribution
2022-08-09 21:18:28,507:INFO:SubProcess assign_model() called ==================================
2022-08-09 21:18:28,511:INFO:Initializing assign_model()
2022-08-09 21:18:28,511:INFO:assign_model(model=LdaMulticore<num_terms=2928, num_topics=6, decay=0.5, chunksize=100>, verbose=False)
2022-08-09 21:18:28,511:INFO:Determining model type
2022-08-09 21:18:28,511:INFO:model type: lda
2022-08-09 21:18:28,511:INFO:Checking exceptions
2022-08-09 21:18:28,511:INFO:Preloading libraries
2022-08-09 21:18:28,511:INFO:Preparing display monitor
2022-08-09 21:18:28,911:INFO:(1000, 12)
2022-08-09 21:18:28,911:INFO:assign_model() succesfully completed......................................
2022-08-09 21:18:28,911:INFO:SubProcess assign_model() end ==================================
2022-08-09 21:18:28,916:INFO:Sorting Dataframe
2022-08-09 21:18:28,917:INFO:Rendering Visual
2022-08-09 21:18:28,961:INFO:Visual Rendered Successfully
2022-08-09 21:18:28,961:INFO:plot_model() succesfully completed......................................
2022-08-09 21:18:28,962:INFO:Initializing plot_model()
2022-08-09 21:18:28,962:INFO:plot_model(model=LdaMulticore<num_terms=2928, num_topics=6, decay=0.5, chunksize=100>, plot=topic_model, topic_num=None, save=False, system=True)
2022-08-09 21:18:28,963:INFO:Topic selected. topic_num : Topic 0
2022-08-09 21:18:28,963:INFO:Checking exceptions
2022-08-09 21:18:28,963:INFO:Importing libraries
2022-08-09 21:18:28,970:INFO:save_param set to False
2022-08-09 21:18:28,970:INFO:plot type: topic_model
2022-08-09 21:19:15,702:INFO:Initializing plot_model()
2022-08-09 21:19:15,702:INFO:plot_model(model=LdaMulticore<num_terms=2928, num_topics=6, decay=0.5, chunksize=100>, plot=topic_distribution, topic_num=None, save=False, system=True)
2022-08-09 21:19:15,702:INFO:Topic selected. topic_num : Topic 0
2022-08-09 21:19:15,702:INFO:Checking exceptions
2022-08-09 21:19:15,702:INFO:Importing libraries
2022-08-09 21:19:15,708:INFO:save_param set to False
2022-08-09 21:19:15,708:INFO:plot type: topic_distribution
2022-08-09 21:19:15,709:INFO:SubProcess assign_model() called ==================================
2022-08-09 21:19:15,713:INFO:Initializing assign_model()
2022-08-09 21:19:15,713:INFO:assign_model(model=LdaMulticore<num_terms=2928, num_topics=6, decay=0.5, chunksize=100>, verbose=False)
2022-08-09 21:19:15,713:INFO:Determining model type
2022-08-09 21:19:15,714:INFO:model type: lda
2022-08-09 21:19:15,714:INFO:Checking exceptions
2022-08-09 21:19:15,714:INFO:Preloading libraries
2022-08-09 21:19:15,714:INFO:Preparing display monitor
2022-08-09 21:19:16,090:INFO:(1000, 12)
2022-08-09 21:19:16,090:INFO:assign_model() succesfully completed......................................
2022-08-09 21:19:16,090:INFO:SubProcess assign_model() end ==================================
2022-08-09 21:19:16,094:INFO:Sorting Dataframe
2022-08-09 21:19:16,095:INFO:Rendering Visual
2022-08-09 21:19:16,142:INFO:Visual Rendered Successfully
2022-08-09 21:19:16,142:INFO:plot_model() succesfully completed......................................
2022-08-09 21:19:16,143:INFO:Initializing plot_model()
2022-08-09 21:19:16,143:INFO:plot_model(model=LdaMulticore<num_terms=2928, num_topics=6, decay=0.5, chunksize=100>, plot=topic_model, topic_num=None, save=False, system=True)
2022-08-09 21:19:16,143:INFO:Topic selected. topic_num : Topic 0
2022-08-09 21:19:16,144:INFO:Checking exceptions
2022-08-09 21:19:16,144:INFO:Importing libraries
2022-08-09 21:19:16,150:INFO:save_param set to False
2022-08-09 21:19:16,150:INFO:plot type: topic_model
2022-08-09 21:19:38,067:INFO:PyCaret NLP Module
2022-08-09 21:19:38,067:INFO:version 2.2.2
2022-08-09 21:19:38,067:INFO:Initializing setup()
2022-08-09 21:19:38,067:INFO:USI: 75e5
2022-08-09 21:19:38,067:INFO:setup(data=(1000, 4), target=tweet, custom_stopwords=['rt', 'https', 'http', 'co', 'amp'], html=True, session_id=493, log_experiment=False,
                    experiment_name=None, log_plots=False, log_data=False, verbose=True)
2022-08-09 21:19:38,068:INFO:Checking environment
2022-08-09 21:19:38,068:INFO:python_version: 3.9.9
2022-08-09 21:19:38,068:INFO:python_build: ('tags/v3.9.9:ccb0e6a', 'Nov 15 2021 18:08:50')
2022-08-09 21:19:38,068:INFO:machine: AMD64
2022-08-09 21:19:38,068:INFO:platform: Windows-10-10.0.22000-SP0
2022-08-09 21:19:38,068:INFO:Memory: svmem(total=34165383168, available=19308371968, percent=43.5, used=14857011200, free=19308371968)
2022-08-09 21:19:38,068:INFO:Physical Core: 6
2022-08-09 21:19:38,068:INFO:Logical Core: 12
2022-08-09 21:19:38,068:INFO:Checking libraries
2022-08-09 21:19:38,068:INFO:pd==1.4.3
2022-08-09 21:19:38,068:INFO:numpy==1.22.4
2022-08-09 21:19:38,183:INFO:gensim==4.2.0
2022-08-09 21:19:38,646:INFO:spacy==3.4.1
2022-08-09 21:19:38,878:INFO:nltk==3.7
2022-08-09 21:19:38,895:INFO:textblob==0.17.1
2022-08-09 21:19:38,895:INFO:pyLDAvis==3.3.1
2022-08-09 21:19:38,949:INFO:wordcloud==1.8.2.2
2022-08-09 21:19:39,199:INFO:mlflow==1.27.0
2022-08-09 21:19:39,199:INFO:Checking Exceptions
2022-08-09 21:19:39,622:INFO:Preloading libraries
2022-08-09 21:19:39,655:INFO:Preparing display monitor
2022-08-09 21:19:39,663:INFO:Importing libraries
2022-08-09 21:19:39,663:INFO:Declaring global variables
2022-08-09 21:19:39,663:INFO:Input provided : dataframe
2022-08-09 21:19:39,663:INFO:session_id set to : 493
2022-08-09 21:19:39,664:INFO:Copying training dataset
2022-08-09 21:19:39,665:INFO:Importing stopwords from nltk
2022-08-09 21:19:39,784:INFO:Removing numeric characters from the text
2022-08-09 21:19:39,794:INFO:Removing special characters from the text
2022-08-09 21:19:39,821:INFO:Tokenizing Words
2022-08-09 21:19:39,865:INFO:Removing stopwords
2022-08-09 21:19:39,906:INFO:Extracting Bigrams
2022-08-09 21:19:39,943:INFO:Extracting Trigrams
2022-08-09 21:19:40,006:INFO:Lemmatizing tokens
2022-08-09 21:19:42,679:INFO:Removing stopwords after lemmatizing
2022-08-09 21:19:42,704:INFO:Creating corpus and dictionary
2022-08-09 21:19:42,724:INFO:Compiling processed text
2022-08-09 21:19:42,725:INFO:Compiling information grid
2022-08-09 21:19:43,107:INFO:setup() succesfully completed......................................
2022-08-09 21:19:43,124:INFO:Initializing create_model()
2022-08-09 21:19:43,124:INFO:create_model(model=lda, multi_core=True, num_topics=6, verbose=True, system=True)
2022-08-09 21:19:43,124:INFO:Checking exceptions
2022-08-09 21:19:43,124:INFO:Preloading libraries
2022-08-09 21:19:43,124:INFO:Preparing display monitor
2022-08-09 21:19:43,134:INFO:Defining topic model
2022-08-09 21:19:43,134:INFO:Model: Latent Dirichlet Allocation
2022-08-09 21:19:43,134:INFO:Defining num_topics parameter
2022-08-09 21:19:43,134:INFO:num_topics set to: 6
2022-08-09 21:19:43,138:INFO:LDA multi_core enabled
2022-08-09 21:19:43,138:INFO:LdaMulticore imported successfully
2022-08-09 21:19:47,483:INFO:LdaMulticore trained successfully
2022-08-09 21:19:47,485:INFO:LdaMulticore<num_terms=2928, num_topics=6, decay=0.5, chunksize=100>
2022-08-09 21:19:47,485:INFO:create_model() succesfully completed......................................
2022-08-09 21:19:47,498:INFO:Initializing assign_model()
2022-08-09 21:19:47,498:INFO:assign_model(model=LdaMulticore<num_terms=2928, num_topics=6, decay=0.5, chunksize=100>, verbose=True)
2022-08-09 21:19:47,498:INFO:Determining model type
2022-08-09 21:19:47,498:INFO:model type: lda
2022-08-09 21:19:47,498:INFO:Checking exceptions
2022-08-09 21:19:47,498:INFO:Preloading libraries
2022-08-09 21:19:47,498:INFO:Preparing display monitor
2022-08-09 21:19:47,941:INFO:(1000, 12)
2022-08-09 21:19:47,941:INFO:assign_model() succesfully completed......................................
2022-08-09 21:19:47,983:INFO:Initializing plot_model()
2022-08-09 21:19:47,984:INFO:plot_model(model=LdaMulticore<num_terms=2928, num_topics=6, decay=0.5, chunksize=100>, plot=topic_distribution, topic_num=None, save=False, system=True)
2022-08-09 21:19:47,984:INFO:Topic selected. topic_num : Topic 0
2022-08-09 21:19:47,984:INFO:Checking exceptions
2022-08-09 21:19:47,984:INFO:Importing libraries
2022-08-09 21:19:48,336:INFO:save_param set to False
2022-08-09 21:19:48,336:INFO:plot type: topic_distribution
2022-08-09 21:19:48,339:INFO:SubProcess assign_model() called ==================================
2022-08-09 21:19:48,343:INFO:Initializing assign_model()
2022-08-09 21:19:48,344:INFO:assign_model(model=LdaMulticore<num_terms=2928, num_topics=6, decay=0.5, chunksize=100>, verbose=False)
2022-08-09 21:19:48,344:INFO:Determining model type
2022-08-09 21:19:48,344:INFO:model type: lda
2022-08-09 21:19:48,344:INFO:Checking exceptions
2022-08-09 21:19:48,344:INFO:Preloading libraries
2022-08-09 21:19:48,344:INFO:Preparing display monitor
2022-08-09 21:19:48,788:INFO:(1000, 12)
2022-08-09 21:19:48,788:INFO:assign_model() succesfully completed......................................
2022-08-09 21:19:48,788:INFO:SubProcess assign_model() end ==================================
2022-08-09 21:19:48,792:INFO:Sorting Dataframe
2022-08-09 21:19:48,793:INFO:Rendering Visual
2022-08-09 21:19:49,284:INFO:Visual Rendered Successfully
2022-08-09 21:19:49,284:INFO:plot_model() succesfully completed......................................
2022-08-09 21:19:49,288:INFO:Initializing plot_model()
2022-08-09 21:19:49,288:INFO:plot_model(model=LdaMulticore<num_terms=2928, num_topics=6, decay=0.5, chunksize=100>, plot=topic_model, topic_num=None, save=False, system=True)
2022-08-09 21:19:49,288:INFO:Topic selected. topic_num : Topic 0
2022-08-09 21:19:49,288:INFO:Checking exceptions
2022-08-09 21:19:49,289:INFO:Importing libraries
2022-08-09 21:19:49,294:INFO:save_param set to False
2022-08-09 21:19:49,294:INFO:plot type: topic_model
2022-08-09 21:19:49,294:INFO:Preparing pyLDAvis visual
2022-08-09 21:19:52,203:INFO:Visual Rendered Successfully
2022-08-09 21:19:52,204:INFO:plot_model() succesfully completed......................................
2022-08-09 21:19:52,213:INFO:Initializing plot_model()
2022-08-09 21:19:52,214:INFO:plot_model(model=LdaMulticore<num_terms=2928, num_topics=6, decay=0.5, chunksize=100>, plot=wordcloud, topic_num=Topic 5, save=False, system=True)
2022-08-09 21:19:52,214:INFO:Checking exceptions
2022-08-09 21:19:52,214:INFO:Importing libraries
2022-08-09 21:19:52,219:INFO:save_param set to False
2022-08-09 21:19:52,219:INFO:plot type: wordcloud
2022-08-09 21:19:52,219:INFO:SubProcess assign_model() called ==================================
2022-08-09 21:19:52,220:INFO:Initializing assign_model()
2022-08-09 21:19:52,220:INFO:assign_model(model=LdaMulticore<num_terms=2928, num_topics=6, decay=0.5, chunksize=100>, verbose=False)
2022-08-09 21:19:52,220:INFO:Determining model type
2022-08-09 21:19:52,220:INFO:model type: lda
2022-08-09 21:19:52,220:INFO:Checking exceptions
2022-08-09 21:19:52,220:INFO:Preloading libraries
2022-08-09 21:19:52,220:INFO:Preparing display monitor
2022-08-09 21:19:52,608:INFO:(1000, 12)
2022-08-09 21:19:52,608:INFO:assign_model() succesfully completed......................................
2022-08-09 21:19:52,608:INFO:SubProcess assign_model() end ==================================
2022-08-09 21:19:52,609:INFO:Fitting WordCloud()
2022-08-09 21:19:53,470:INFO:Rendering Visual
2022-08-09 21:19:53,593:INFO:Visual Rendered Successfully
2022-08-09 21:19:53,593:INFO:plot_model() succesfully completed......................................
2022-08-09 21:19:53,598:INFO:Initializing plot_model()
2022-08-09 21:19:53,598:INFO:plot_model(model=LdaMulticore<num_terms=2928, num_topics=6, decay=0.5, chunksize=100>, plot=frequency, topic_num=Topic 5, save=False, system=True)
2022-08-09 21:19:53,598:INFO:Checking exceptions
2022-08-09 21:19:53,598:INFO:Importing libraries
2022-08-09 21:19:53,604:INFO:save_param set to False
2022-08-09 21:19:53,604:INFO:plot type: frequency
2022-08-09 21:19:53,604:INFO:Rendering Visual
2022-08-09 21:19:53,604:INFO:SubProcess assign_model() called ==================================
2022-08-09 21:19:53,608:INFO:Initializing assign_model()
2022-08-09 21:19:53,608:INFO:assign_model(model=LdaMulticore<num_terms=2928, num_topics=6, decay=0.5, chunksize=100>, verbose=False)
2022-08-09 21:19:53,608:INFO:Determining model type
2022-08-09 21:19:53,608:INFO:model type: lda
2022-08-09 21:19:53,608:INFO:Checking exceptions
2022-08-09 21:19:53,608:INFO:Preloading libraries
2022-08-09 21:19:53,608:INFO:Preparing display monitor
2022-08-09 21:19:54,028:INFO:(1000, 12)
2022-08-09 21:19:54,028:INFO:assign_model() succesfully completed......................................
2022-08-09 21:19:54,028:INFO:SubProcess assign_model() end ==================================
2022-08-09 21:19:54,029:INFO:Fitting CountVectorizer()
2022-08-09 21:19:54,092:INFO:Visual Rendered Successfully
2022-08-09 21:19:54,092:INFO:plot_model() succesfully completed......................................
2022-08-09 21:19:54,096:INFO:Initializing plot_model()
2022-08-09 21:19:54,096:INFO:plot_model(model=LdaMulticore<num_terms=2928, num_topics=6, decay=0.5, chunksize=100>, plot=bigram, topic_num=Topic 5, save=False, system=True)
2022-08-09 21:19:54,097:INFO:Checking exceptions
2022-08-09 21:19:54,097:INFO:Importing libraries
2022-08-09 21:19:54,104:INFO:save_param set to False
2022-08-09 21:19:54,105:INFO:plot type: bigram
2022-08-09 21:19:54,105:INFO:SubProcess assign_model() called ==================================
2022-08-09 21:19:54,108:INFO:Initializing assign_model()
2022-08-09 21:19:54,108:INFO:assign_model(model=LdaMulticore<num_terms=2928, num_topics=6, decay=0.5, chunksize=100>, verbose=False)
2022-08-09 21:19:54,108:INFO:Determining model type
2022-08-09 21:19:54,108:INFO:model type: lda
2022-08-09 21:19:54,108:INFO:Checking exceptions
2022-08-09 21:19:54,109:INFO:Preloading libraries
2022-08-09 21:19:54,109:INFO:Preparing display monitor
2022-08-09 21:19:54,581:INFO:(1000, 12)
2022-08-09 21:19:54,582:INFO:assign_model() succesfully completed......................................
2022-08-09 21:19:54,582:INFO:SubProcess assign_model() end ==================================
2022-08-09 21:19:54,583:INFO:Fitting CountVectorizer()
2022-08-09 21:19:54,588:INFO:Rendering Visual
2022-08-09 21:19:54,622:INFO:Visual Rendered Successfully
2022-08-09 21:19:54,623:INFO:plot_model() succesfully completed......................................
2022-08-09 21:19:54,627:INFO:Initializing plot_model()
2022-08-09 21:19:54,627:INFO:plot_model(model=LdaMulticore<num_terms=2928, num_topics=6, decay=0.5, chunksize=100>, plot=trigram, topic_num=Topic 5, save=False, system=True)
2022-08-09 21:19:54,627:INFO:Checking exceptions
2022-08-09 21:19:54,627:INFO:Importing libraries
2022-08-09 21:19:54,635:INFO:save_param set to False
2022-08-09 21:19:54,635:INFO:plot type: trigram
2022-08-09 21:19:54,636:INFO:SubProcess assign_model() called ==================================
2022-08-09 21:19:54,639:INFO:Initializing assign_model()
2022-08-09 21:19:54,639:INFO:assign_model(model=LdaMulticore<num_terms=2928, num_topics=6, decay=0.5, chunksize=100>, verbose=False)
2022-08-09 21:19:54,639:INFO:Determining model type
2022-08-09 21:19:54,639:INFO:model type: lda
2022-08-09 21:19:54,639:INFO:Checking exceptions
2022-08-09 21:19:54,639:INFO:Preloading libraries
2022-08-09 21:19:54,639:INFO:Preparing display monitor
2022-08-09 21:19:55,113:INFO:(1000, 12)
2022-08-09 21:19:55,113:INFO:assign_model() succesfully completed......................................
2022-08-09 21:19:55,114:INFO:SubProcess assign_model() end ==================================
2022-08-09 21:19:55,117:INFO:Fitting CountVectorizer()
2022-08-09 21:19:55,120:INFO:Rendering Visual
2022-08-09 21:19:55,152:INFO:Visual Rendered Successfully
2022-08-09 21:19:55,152:INFO:plot_model() succesfully completed......................................
2022-08-09 21:19:55,157:INFO:Initializing plot_model()
2022-08-09 21:19:55,157:INFO:plot_model(model=LdaMulticore<num_terms=2928, num_topics=6, decay=0.5, chunksize=100>, plot=distribution, topic_num=Topic 5, save=False, system=True)
2022-08-09 21:19:55,157:INFO:Checking exceptions
2022-08-09 21:19:55,157:INFO:Importing libraries
2022-08-09 21:19:55,165:INFO:save_param set to False
2022-08-09 21:19:55,165:INFO:plot type: distribution
2022-08-09 21:19:55,165:INFO:SubProcess assign_model() called ==================================
2022-08-09 21:19:55,168:INFO:Initializing assign_model()
2022-08-09 21:19:55,169:INFO:assign_model(model=LdaMulticore<num_terms=2928, num_topics=6, decay=0.5, chunksize=100>, verbose=False)
2022-08-09 21:19:55,169:INFO:Determining model type
2022-08-09 21:19:55,169:INFO:model type: lda
2022-08-09 21:19:55,169:INFO:Checking exceptions
2022-08-09 21:19:55,169:INFO:Preloading libraries
2022-08-09 21:19:55,169:INFO:Preparing display monitor
2022-08-09 21:19:55,632:INFO:(1000, 12)
2022-08-09 21:19:55,632:INFO:assign_model() succesfully completed......................................
2022-08-09 21:19:55,633:INFO:SubProcess assign_model() end ==================================
2022-08-09 21:19:55,635:INFO:Rendering Visual
2022-08-09 21:19:55,707:INFO:Visual Rendered Successfully
2022-08-09 21:19:55,708:INFO:plot_model() succesfully completed......................................
2022-08-09 21:19:55,713:INFO:Initializing plot_model()
2022-08-09 21:19:55,713:INFO:plot_model(model=LdaMulticore<num_terms=2928, num_topics=6, decay=0.5, chunksize=100>, plot=sentiment, topic_num=Topic 5, save=False, system=True)
2022-08-09 21:19:55,714:INFO:Checking exceptions
2022-08-09 21:19:55,714:INFO:Importing libraries
2022-08-09 21:19:55,723:INFO:save_param set to False
2022-08-09 21:19:55,723:INFO:plot type: sentiment
2022-08-09 21:19:55,723:INFO:SubProcess assign_model() called ==================================
2022-08-09 21:19:55,726:INFO:Initializing assign_model()
2022-08-09 21:19:55,726:INFO:assign_model(model=LdaMulticore<num_terms=2928, num_topics=6, decay=0.5, chunksize=100>, verbose=False)
2022-08-09 21:19:55,726:INFO:Determining model type
2022-08-09 21:19:55,727:INFO:model type: lda
2022-08-09 21:19:55,727:INFO:Checking exceptions
2022-08-09 21:19:55,727:INFO:Preloading libraries
2022-08-09 21:19:55,727:INFO:Preparing display monitor
2022-08-09 21:19:56,153:INFO:(1000, 12)
2022-08-09 21:19:56,153:INFO:assign_model() succesfully completed......................................
2022-08-09 21:19:56,154:INFO:SubProcess assign_model() end ==================================
2022-08-09 21:19:56,199:INFO:Rendering Visual
2022-08-09 21:19:56,236:INFO:Visual Rendered Successfully
2022-08-09 21:19:56,236:INFO:plot_model() succesfully completed......................................
2022-08-09 21:19:56,241:INFO:Initializing plot_model()
2022-08-09 21:19:56,241:INFO:plot_model(model=LdaMulticore<num_terms=2928, num_topics=6, decay=0.5, chunksize=100>, plot=tsne, topic_num=None, save=False, system=True)
2022-08-09 21:19:56,241:INFO:Topic selected. topic_num : Topic 0
2022-08-09 21:19:56,241:INFO:Checking exceptions
2022-08-09 21:19:56,241:INFO:Importing libraries
2022-08-09 21:19:56,249:INFO:save_param set to False
2022-08-09 21:19:56,249:INFO:plot type: tsne
2022-08-09 21:19:56,249:INFO:SubProcess assign_model() called ==================================
2022-08-09 21:19:56,253:INFO:Initializing assign_model()
2022-08-09 21:19:56,253:INFO:assign_model(model=LdaMulticore<num_terms=2928, num_topics=6, decay=0.5, chunksize=100>, verbose=False)
2022-08-09 21:19:56,253:INFO:Determining model type
2022-08-09 21:19:56,253:INFO:model type: lda
2022-08-09 21:19:56,253:INFO:Checking exceptions
2022-08-09 21:19:56,253:INFO:Preloading libraries
2022-08-09 21:19:56,253:INFO:Preparing display monitor
2022-08-09 21:19:56,730:INFO:(1000, 12)
2022-08-09 21:19:56,730:INFO:assign_model() succesfully completed......................................
2022-08-09 21:19:56,730:INFO:SubProcess assign_model() end ==================================
2022-08-09 21:19:56,731:INFO:Fitting TSNE()
2022-08-09 21:20:01,438:INFO:Sorting Dataframe
2022-08-09 21:20:01,440:INFO:Rendering Visual
2022-08-09 21:20:01,534:INFO:Visual Rendered Successfully
2022-08-09 21:20:01,535:INFO:plot_model() succesfully completed......................................
2022-08-09 21:24:26,084:INFO:PyCaret NLP Module
2022-08-09 21:24:26,084:INFO:version 2.2.2
2022-08-09 21:24:26,084:INFO:Initializing setup()
2022-08-09 21:24:26,084:INFO:USI: 622d
2022-08-09 21:24:26,084:INFO:setup(data=(1000, 4), target=tweet, custom_stopwords=['rt', 'https', 'http', 'co', 'amp'], html=True, session_id=493, log_experiment=False,
                    experiment_name=None, log_plots=False, log_data=False, verbose=True)
2022-08-09 21:24:26,084:INFO:Checking environment
2022-08-09 21:24:26,084:INFO:python_version: 3.9.9
2022-08-09 21:24:26,084:INFO:python_build: ('tags/v3.9.9:ccb0e6a', 'Nov 15 2021 18:08:50')
2022-08-09 21:24:26,084:INFO:machine: AMD64
2022-08-09 21:24:26,085:INFO:platform: Windows-10-10.0.22000-SP0
2022-08-09 21:24:26,085:INFO:Memory: svmem(total=34165383168, available=17779847168, percent=48.0, used=16385536000, free=17779847168)
2022-08-09 21:24:26,085:INFO:Physical Core: 6
2022-08-09 21:24:26,085:INFO:Logical Core: 12
2022-08-09 21:24:26,085:INFO:Checking libraries
2022-08-09 21:24:26,085:INFO:pd==1.4.3
2022-08-09 21:24:26,085:INFO:numpy==1.22.4
2022-08-09 21:24:26,196:INFO:gensim==4.2.0
2022-08-09 21:24:26,749:INFO:spacy==3.4.1
2022-08-09 21:24:26,996:INFO:nltk==3.7
2022-08-09 21:24:27,014:INFO:textblob==0.17.1
2022-08-09 21:24:27,014:INFO:pyLDAvis==3.3.1
2022-08-09 21:24:27,066:INFO:wordcloud==1.8.2.2
2022-08-09 21:24:27,317:INFO:mlflow==1.27.0
2022-08-09 21:24:27,317:INFO:Checking Exceptions
2022-08-09 21:24:27,835:INFO:Preloading libraries
2022-08-09 21:24:27,878:INFO:Preparing display monitor
2022-08-09 21:24:27,887:INFO:Importing libraries
2022-08-09 21:24:27,888:INFO:Declaring global variables
2022-08-09 21:24:27,888:INFO:Input provided : dataframe
2022-08-09 21:24:27,888:INFO:session_id set to : 493
2022-08-09 21:24:27,888:INFO:Copying training dataset
2022-08-09 21:24:27,889:INFO:Importing stopwords from nltk
2022-08-09 21:24:28,037:INFO:Removing numeric characters from the text
2022-08-09 21:24:28,049:INFO:Removing special characters from the text
2022-08-09 21:24:28,077:INFO:Tokenizing Words
2022-08-09 21:24:28,125:INFO:Removing stopwords
2022-08-09 21:24:28,165:INFO:Extracting Bigrams
2022-08-09 21:24:28,204:INFO:Extracting Trigrams
2022-08-09 21:24:28,269:INFO:Lemmatizing tokens
2022-08-09 21:24:31,266:INFO:Removing stopwords after lemmatizing
2022-08-09 21:24:31,292:INFO:Creating corpus and dictionary
2022-08-09 21:24:31,313:INFO:Compiling processed text
2022-08-09 21:24:31,314:INFO:Compiling information grid
2022-08-09 21:24:31,697:INFO:setup() succesfully completed......................................
2022-08-09 21:24:31,717:INFO:Initializing create_model()
2022-08-09 21:24:31,717:INFO:create_model(model=lda, multi_core=True, num_topics=6, verbose=True, system=True)
2022-08-09 21:24:31,717:INFO:Checking exceptions
2022-08-09 21:24:31,717:INFO:Preloading libraries
2022-08-09 21:24:31,718:INFO:Preparing display monitor
2022-08-09 21:24:31,728:INFO:Defining topic model
2022-08-09 21:24:31,729:INFO:Model: Latent Dirichlet Allocation
2022-08-09 21:24:31,729:INFO:Defining num_topics parameter
2022-08-09 21:24:31,729:INFO:num_topics set to: 6
2022-08-09 21:24:31,732:INFO:LDA multi_core enabled
2022-08-09 21:24:31,732:INFO:LdaMulticore imported successfully
2022-08-09 21:24:36,404:INFO:LdaMulticore trained successfully
2022-08-09 21:24:36,406:INFO:LdaMulticore<num_terms=2928, num_topics=6, decay=0.5, chunksize=100>
2022-08-09 21:24:36,406:INFO:create_model() succesfully completed......................................
2022-08-09 21:24:36,431:INFO:Initializing assign_model()
2022-08-09 21:24:36,431:INFO:assign_model(model=LdaMulticore<num_terms=2928, num_topics=6, decay=0.5, chunksize=100>, verbose=True)
2022-08-09 21:24:36,431:INFO:Determining model type
2022-08-09 21:24:36,431:INFO:model type: lda
2022-08-09 21:24:36,431:INFO:Checking exceptions
2022-08-09 21:24:36,431:INFO:Preloading libraries
2022-08-09 21:24:36,432:INFO:Preparing display monitor
2022-08-09 21:24:36,906:INFO:(1000, 12)
2022-08-09 21:24:36,907:INFO:assign_model() succesfully completed......................................
2022-08-09 21:24:36,948:INFO:Initializing plot_model()
2022-08-09 21:24:36,948:INFO:plot_model(model=LdaMulticore<num_terms=2928, num_topics=6, decay=0.5, chunksize=100>, plot=topic_distribution, topic_num=None, save=False, system=True)
2022-08-09 21:24:36,948:INFO:Topic selected. topic_num : Topic 0
2022-08-09 21:24:36,948:INFO:Checking exceptions
2022-08-09 21:24:36,949:INFO:Importing libraries
2022-08-09 21:24:37,235:INFO:save_param set to False
2022-08-09 21:24:37,235:INFO:plot type: topic_distribution
2022-08-09 21:24:37,236:INFO:SubProcess assign_model() called ==================================
2022-08-09 21:24:37,241:INFO:Initializing assign_model()
2022-08-09 21:24:37,241:INFO:assign_model(model=LdaMulticore<num_terms=2928, num_topics=6, decay=0.5, chunksize=100>, verbose=False)
2022-08-09 21:24:37,241:INFO:Determining model type
2022-08-09 21:24:37,241:INFO:model type: lda
2022-08-09 21:24:37,241:INFO:Checking exceptions
2022-08-09 21:24:37,241:INFO:Preloading libraries
2022-08-09 21:24:37,241:INFO:Preparing display monitor
2022-08-09 21:24:37,676:INFO:(1000, 12)
2022-08-09 21:24:37,676:INFO:assign_model() succesfully completed......................................
2022-08-09 21:24:37,676:INFO:SubProcess assign_model() end ==================================
2022-08-09 21:24:37,681:INFO:Sorting Dataframe
2022-08-09 21:24:37,681:INFO:Rendering Visual
2022-08-09 21:24:38,184:INFO:Visual Rendered Successfully
2022-08-09 21:24:38,184:INFO:plot_model() succesfully completed......................................
2022-08-09 21:24:38,189:INFO:Initializing plot_model()
2022-08-09 21:24:38,189:INFO:plot_model(model=LdaMulticore<num_terms=2928, num_topics=6, decay=0.5, chunksize=100>, plot=topic_model, topic_num=None, save=False, system=True)
2022-08-09 21:24:38,189:INFO:Topic selected. topic_num : Topic 0
2022-08-09 21:24:38,189:INFO:Checking exceptions
2022-08-09 21:24:38,189:INFO:Importing libraries
2022-08-09 21:24:38,194:INFO:save_param set to False
2022-08-09 21:24:38,194:INFO:plot type: topic_model
2022-08-09 21:24:38,194:INFO:Preparing pyLDAvis visual
2022-08-09 21:24:41,460:INFO:Visual Rendered Successfully
2022-08-09 21:24:41,460:INFO:plot_model() succesfully completed......................................
2022-08-09 21:24:41,475:INFO:Initializing plot_model()
2022-08-09 21:24:41,475:INFO:plot_model(model=LdaMulticore<num_terms=2928, num_topics=6, decay=0.5, chunksize=100>, plot=wordcloud, topic_num=Topic 5, save=False, system=True)
2022-08-09 21:24:41,475:INFO:Checking exceptions
2022-08-09 21:24:41,475:INFO:Importing libraries
2022-08-09 21:24:41,482:INFO:save_param set to False
2022-08-09 21:24:41,482:INFO:plot type: wordcloud
2022-08-09 21:24:41,482:INFO:SubProcess assign_model() called ==================================
2022-08-09 21:24:41,483:INFO:Initializing assign_model()
2022-08-09 21:24:41,483:INFO:assign_model(model=LdaMulticore<num_terms=2928, num_topics=6, decay=0.5, chunksize=100>, verbose=False)
2022-08-09 21:24:41,483:INFO:Determining model type
2022-08-09 21:24:41,483:INFO:model type: lda
2022-08-09 21:24:41,483:INFO:Checking exceptions
2022-08-09 21:24:41,483:INFO:Preloading libraries
2022-08-09 21:24:41,483:INFO:Preparing display monitor
2022-08-09 21:24:41,946:INFO:(1000, 12)
2022-08-09 21:24:41,947:INFO:assign_model() succesfully completed......................................
2022-08-09 21:24:41,947:INFO:SubProcess assign_model() end ==================================
2022-08-09 21:24:41,948:INFO:Fitting WordCloud()
2022-08-09 21:24:43,011:INFO:Rendering Visual
2022-08-09 21:24:43,147:INFO:Visual Rendered Successfully
2022-08-09 21:24:43,147:INFO:plot_model() succesfully completed......................................
2022-08-09 21:24:43,152:INFO:Initializing plot_model()
2022-08-09 21:24:43,152:INFO:plot_model(model=LdaMulticore<num_terms=2928, num_topics=6, decay=0.5, chunksize=100>, plot=frequency, topic_num=Topic 5, save=False, system=True)
2022-08-09 21:24:43,152:INFO:Checking exceptions
2022-08-09 21:24:43,152:INFO:Importing libraries
2022-08-09 21:24:43,158:INFO:save_param set to False
2022-08-09 21:24:43,158:INFO:plot type: frequency
2022-08-09 21:24:43,158:INFO:Rendering Visual
2022-08-09 21:24:43,158:INFO:SubProcess assign_model() called ==================================
2022-08-09 21:24:43,162:INFO:Initializing assign_model()
2022-08-09 21:24:43,162:INFO:assign_model(model=LdaMulticore<num_terms=2928, num_topics=6, decay=0.5, chunksize=100>, verbose=False)
2022-08-09 21:24:43,162:INFO:Determining model type
2022-08-09 21:24:43,162:INFO:model type: lda
2022-08-09 21:24:43,162:INFO:Checking exceptions
2022-08-09 21:24:43,162:INFO:Preloading libraries
2022-08-09 21:24:43,162:INFO:Preparing display monitor
2022-08-09 21:24:43,610:INFO:(1000, 12)
2022-08-09 21:24:43,610:INFO:assign_model() succesfully completed......................................
2022-08-09 21:24:43,611:INFO:SubProcess assign_model() end ==================================
2022-08-09 21:24:43,612:INFO:Fitting CountVectorizer()
2022-08-09 21:24:43,692:INFO:Visual Rendered Successfully
2022-08-09 21:24:43,692:INFO:plot_model() succesfully completed......................................
2022-08-09 21:24:43,698:INFO:Initializing plot_model()
2022-08-09 21:24:43,698:INFO:plot_model(model=LdaMulticore<num_terms=2928, num_topics=6, decay=0.5, chunksize=100>, plot=bigram, topic_num=Topic 5, save=False, system=True)
2022-08-09 21:24:43,698:INFO:Checking exceptions
2022-08-09 21:24:43,698:INFO:Importing libraries
2022-08-09 21:24:43,707:INFO:save_param set to False
2022-08-09 21:24:43,708:INFO:plot type: bigram
2022-08-09 21:24:43,708:INFO:SubProcess assign_model() called ==================================
2022-08-09 21:24:43,712:INFO:Initializing assign_model()
2022-08-09 21:24:43,713:INFO:assign_model(model=LdaMulticore<num_terms=2928, num_topics=6, decay=0.5, chunksize=100>, verbose=False)
2022-08-09 21:24:43,713:INFO:Determining model type
2022-08-09 21:24:43,713:INFO:model type: lda
2022-08-09 21:24:43,713:INFO:Checking exceptions
2022-08-09 21:24:43,713:INFO:Preloading libraries
2022-08-09 21:24:43,713:INFO:Preparing display monitor
2022-08-09 21:24:44,196:INFO:(1000, 12)
2022-08-09 21:24:44,196:INFO:assign_model() succesfully completed......................................
2022-08-09 21:24:44,196:INFO:SubProcess assign_model() end ==================================
2022-08-09 21:24:44,197:INFO:Fitting CountVectorizer()
2022-08-09 21:24:44,203:INFO:Rendering Visual
2022-08-09 21:24:44,250:INFO:Visual Rendered Successfully
2022-08-09 21:24:44,250:INFO:plot_model() succesfully completed......................................
2022-08-09 21:24:44,255:INFO:Initializing plot_model()
2022-08-09 21:24:44,255:INFO:plot_model(model=LdaMulticore<num_terms=2928, num_topics=6, decay=0.5, chunksize=100>, plot=trigram, topic_num=Topic 5, save=False, system=True)
2022-08-09 21:24:44,255:INFO:Checking exceptions
2022-08-09 21:24:44,255:INFO:Importing libraries
2022-08-09 21:24:44,265:INFO:save_param set to False
2022-08-09 21:24:44,265:INFO:plot type: trigram
2022-08-09 21:24:44,266:INFO:SubProcess assign_model() called ==================================
2022-08-09 21:24:44,269:INFO:Initializing assign_model()
2022-08-09 21:24:44,270:INFO:assign_model(model=LdaMulticore<num_terms=2928, num_topics=6, decay=0.5, chunksize=100>, verbose=False)
2022-08-09 21:24:44,270:INFO:Determining model type
2022-08-09 21:24:44,270:INFO:model type: lda
2022-08-09 21:24:44,270:INFO:Checking exceptions
2022-08-09 21:24:44,270:INFO:Preloading libraries
2022-08-09 21:24:44,270:INFO:Preparing display monitor
2022-08-09 21:24:44,760:INFO:(1000, 12)
2022-08-09 21:24:44,761:INFO:assign_model() succesfully completed......................................
2022-08-09 21:24:44,761:INFO:SubProcess assign_model() end ==================================
2022-08-09 21:24:44,764:INFO:Fitting CountVectorizer()
2022-08-09 21:24:44,767:INFO:Rendering Visual
2022-08-09 21:24:44,799:INFO:Visual Rendered Successfully
2022-08-09 21:24:44,799:INFO:plot_model() succesfully completed......................................
2022-08-09 21:24:44,803:INFO:Initializing plot_model()
2022-08-09 21:24:44,803:INFO:plot_model(model=LdaMulticore<num_terms=2928, num_topics=6, decay=0.5, chunksize=100>, plot=distribution, topic_num=Topic 5, save=False, system=True)
2022-08-09 21:24:44,803:INFO:Checking exceptions
2022-08-09 21:24:44,803:INFO:Importing libraries
2022-08-09 21:24:44,811:INFO:save_param set to False
2022-08-09 21:24:44,812:INFO:plot type: distribution
2022-08-09 21:24:44,812:INFO:SubProcess assign_model() called ==================================
2022-08-09 21:24:44,815:INFO:Initializing assign_model()
2022-08-09 21:24:44,815:INFO:assign_model(model=LdaMulticore<num_terms=2928, num_topics=6, decay=0.5, chunksize=100>, verbose=False)
2022-08-09 21:24:44,815:INFO:Determining model type
2022-08-09 21:24:44,815:INFO:model type: lda
2022-08-09 21:24:44,815:INFO:Checking exceptions
2022-08-09 21:24:44,816:INFO:Preloading libraries
2022-08-09 21:24:44,816:INFO:Preparing display monitor
2022-08-09 21:24:45,313:INFO:(1000, 12)
2022-08-09 21:24:45,313:INFO:assign_model() succesfully completed......................................
2022-08-09 21:24:45,314:INFO:SubProcess assign_model() end ==================================
2022-08-09 21:24:45,315:INFO:Rendering Visual
2022-08-09 21:24:45,363:INFO:Visual Rendered Successfully
2022-08-09 21:24:45,363:INFO:plot_model() succesfully completed......................................
2022-08-09 21:24:45,374:INFO:Initializing plot_model()
2022-08-09 21:24:45,374:INFO:plot_model(model=LdaMulticore<num_terms=2928, num_topics=6, decay=0.5, chunksize=100>, plot=sentiment, topic_num=Topic 5, save=False, system=True)
2022-08-09 21:24:45,374:INFO:Checking exceptions
2022-08-09 21:24:45,374:INFO:Importing libraries
2022-08-09 21:24:45,389:INFO:save_param set to False
2022-08-09 21:24:45,389:INFO:plot type: sentiment
2022-08-09 21:24:45,389:INFO:SubProcess assign_model() called ==================================
2022-08-09 21:24:45,392:INFO:Initializing assign_model()
2022-08-09 21:24:45,392:INFO:assign_model(model=LdaMulticore<num_terms=2928, num_topics=6, decay=0.5, chunksize=100>, verbose=False)
2022-08-09 21:24:45,393:INFO:Determining model type
2022-08-09 21:24:45,393:INFO:model type: lda
2022-08-09 21:24:45,393:INFO:Checking exceptions
2022-08-09 21:24:45,393:INFO:Preloading libraries
2022-08-09 21:24:45,393:INFO:Preparing display monitor
2022-08-09 21:24:45,835:INFO:(1000, 12)
2022-08-09 21:24:45,835:INFO:assign_model() succesfully completed......................................
2022-08-09 21:24:45,835:INFO:SubProcess assign_model() end ==================================
2022-08-09 21:24:45,886:INFO:Rendering Visual
2022-08-09 21:24:45,929:INFO:Visual Rendered Successfully
2022-08-09 21:24:45,930:INFO:plot_model() succesfully completed......................................
2022-08-09 21:24:45,936:INFO:Initializing plot_model()
2022-08-09 21:24:45,936:INFO:plot_model(model=LdaMulticore<num_terms=2928, num_topics=6, decay=0.5, chunksize=100>, plot=tsne, topic_num=None, save=False, system=True)
2022-08-09 21:24:45,936:INFO:Topic selected. topic_num : Topic 0
2022-08-09 21:24:45,936:INFO:Checking exceptions
2022-08-09 21:24:45,936:INFO:Importing libraries
2022-08-09 21:24:45,951:INFO:save_param set to False
2022-08-09 21:24:45,952:INFO:plot type: tsne
2022-08-09 21:24:45,952:INFO:SubProcess assign_model() called ==================================
2022-08-09 21:24:45,969:INFO:Initializing assign_model()
2022-08-09 21:24:45,970:INFO:assign_model(model=LdaMulticore<num_terms=2928, num_topics=6, decay=0.5, chunksize=100>, verbose=False)
2022-08-09 21:24:45,970:INFO:Determining model type
2022-08-09 21:24:45,970:INFO:model type: lda
2022-08-09 21:24:45,970:INFO:Checking exceptions
2022-08-09 21:24:45,970:INFO:Preloading libraries
2022-08-09 21:24:45,970:INFO:Preparing display monitor
2022-08-09 21:24:46,440:INFO:(1000, 12)
2022-08-09 21:24:46,441:INFO:assign_model() succesfully completed......................................
2022-08-09 21:24:46,441:INFO:SubProcess assign_model() end ==================================
2022-08-09 21:24:46,443:INFO:Fitting TSNE()
2022-08-09 21:24:51,500:INFO:Sorting Dataframe
2022-08-09 21:24:51,502:INFO:Rendering Visual
2022-08-09 21:24:51,589:INFO:Visual Rendered Successfully
2022-08-09 21:24:51,589:INFO:plot_model() succesfully completed......................................
